#
# A fatal error has been detected by the Java Runtime Environment:
#
#  SIGSEGV (0xb) at pc=0x000000010ad034c4, pid=2463, tid=6403
#
# JRE version: Java(TM) SE Runtime Environment (12.0.1+12) (build 12.0.1+12)
# Java VM: Java HotSpot(TM) 64-Bit Server VM (12.0.1+12, mixed mode, sharing, tiered, compressed oops, g1 gc, bsd-amd64)
# Problematic frame:
# V  [libjvm.dylib+0x7034c4]  _ZN16RawAccessBarrierILy1097844EE13load_internalILy1097844EP7oopDescEEN8EnableIfIXsr12HasDecoratorIXT_EXL_ZL12MO_UNORDEREDEEEE5valueET0_E4typeEPv+0x4
#
# No core dump will be written. Core dumps have been disabled. To enable core dumping, try "ulimit -c unlimited" before starting Java again
#
# If you would like to submit a bug report, please visit:
#   http://bugreport.java.com/bugreport/crash.jsp
#

---------------  S U M M A R Y ------------

Command Line: -Dfile.encoding=UTF-8 org.apache.kafka.common.protocol.ApiKeys$1

Host: MacBookPro14,1 x86_64 2300 MHz, 4 cores, 8G, Darwin 18.2.0
Time: Sun Aug  9 17:48:01 2020 CEST elapsed time: 0 seconds (0d 0h 0m 0s)

---------------  T H R E A D  ---------------

Current thread (0x00007f9585006000):  JavaThread "main" [_thread_in_vm, id=6403, stack(0x0000700008f14000,0x0000700009014000)]

Stack: [0x0000700008f14000,0x0000700009014000],  sp=0x0000700009013d30,  free space=1023k
Native frames: (J=compiled Java code, A=aot compiled Java code, j=interpreted, Vv=VM code, C=native code)
V  [libjvm.dylib+0x7034c4]  _ZN16RawAccessBarrierILy1097844EE13load_internalILy1097844EP7oopDescEEN8EnableIfIXsr12HasDecoratorIXT_EXL_ZL12MO_UNORDEREDEEEE5valueET0_E4typeEPv+0x4
V  [libjvm.dylib+0x703489]  _ZN16RawAccessBarrierILy1097844EE8oop_loadIP7oopDescEET_Pv+0x9
V  [libjvm.dylib+0x7034fb]  _ZN12G1BarrierSet13AccessBarrierILy1097844ES_E20oop_load_not_in_heapIP7oopDescEES4_PT_+0xb
V  [libjvm.dylib+0x3daab2]  jni_GetStringUTFChars+0xdb
C  [libjli.dylib+0x6ed9]  PostJVMInit+0xad
C  [libjli.dylib+0x4833]  JavaMain+0xa4f
C  [libsystem_pthread.dylib+0x3339]  _pthread_body+0x7e
C  [libsystem_pthread.dylib+0x62a7]  _pthread_start+0x46
C  [libsystem_pthread.dylib+0x2445]  thread_start+0xd


siginfo: si_signo: 11 (SIGSEGV), si_code: 1 (SEGV_MAPERR), si_addr: 0x0000000000000000

Register to memory mapping:

RAX=0x0 is NULL
RBX=0x0 is NULL
RCX=0x000000010aef9470: jni_NativeInterface+0 in /Library/Java/JavaVirtualMachines/jdk-12.0.1.jdk/Contents/Home/lib/server/libjvm.dylib at 0x000000010a600000
RDX=0x0 is NULL
RSP=0x0000700009013d30 is pointing into the stack for thread: 0x00007f9585006000
RBP=0x0000700009013d30 is pointing into the stack for thread: 0x00007f9585006000
RSI=0x0 is NULL
RDI=0x0 is NULL
R8 ={method} {0x0000000800377400} 'getCanonicalName' '()Ljava/lang/String;' in 'java/lang/Class'
R9 =0x00007f9584c0bdb0 points into unknown readable memory: 00 74 37 00 08 00 00 00
R10=0x000000010af786f0: _ZN19TemplateInterpreter13_active_tableE+0x4800 in /Library/Java/JavaVirtualMachines/jdk-12.0.1.jdk/Contents/Home/lib/server/libjvm.dylib at 0x000000010a600000
R11=0x00000008009dce00 is pointing into metadata
R12=0x00007f9585006330 points into unknown readable memory: 70 94 ef 0a 01 00 00 00
R13=0x0 is NULL
R14=0x00007f9585006000 is a thread
R15=0x0 is NULL


Registers:
RAX=0x0000000000000000, RBX=0x0000000000000000, RCX=0x000000010aef9470, RDX=0x0000000000000000
RSP=0x0000700009013d30, RBP=0x0000700009013d30, RSI=0x0000000000000000, RDI=0x0000000000000000
R8 =0x0000000800377400, R9 =0x00007f9584c0bdb0, R10=0x000000010af786f0, R11=0x00000008009dce00
R12=0x00007f9585006330, R13=0x0000000000000000, R14=0x00007f9585006000, R15=0x0000000000000000
RIP=0x000000010ad034c4, EFLAGS=0x0000000000010246, ERR=0x0000000000000004
  TRAPNO=0x000000000000000e

Top of Stack: (sp=0x0000700009013d30)
0x0000700009013d30:   0000700009013d40 000000010ad03489
0x0000700009013d40:   0000700009013d60 000000010ad034fb
0x0000700009013d50:   0000000000000000 0000000000000000
0x0000700009013d60:   0000700009013df0 000000010a9daab2
0x0000700009013d70:   000000010af6d901 00007f9585006000
0x0000700009013d80:   0000700009013da0 000000010ad0042e
0x0000700009013d90:   000000010af6d901 00007f9585006000
0x0000700009013da0:   0000000000000000 000000010ad003c4
0x0000700009013db0:   0000000000000000 00007f9585006000
0x0000700009013dc0:   0000700009013df0 00007f9585006330
0x0000700009013dd0:   00007f9584c0cc80 0000000000000000
0x0000700009013de0:   0000000000000000 00007f9584c0cc88
0x0000700009013df0:   0000700009013e80 00000001092daed9
0x0000700009013e00:   000000010af6d901 00007f9585006000
0x0000700009013e10:   0000700009013e30 000000010ad0042e
0x0000700009013e20:   000000010af6d901 00007f9585006000
0x0000700009013e30:   0000700009013e50 000000010ad003c4
0x0000700009013e40:   00007f9584c0bb80 0000000000000000
0x0000700009013e50:   0000700009013e80 f108ef723be1000d
0x0000700009013e60:   00007f9585006330 00007f9584c0cc80
0x0000700009013e70:   00007f9584c0cc98 00007f9584c0cc88
0x0000700009013e80:   0000700009013f10 00000001092d8833
0x0000700009013e90:   0000000000000000 00000173d3f62669
0x0000700009013ea0:   0000000400010002 00007f9584e02030
0x0000700009013eb0:   0000000000000000 0000000000000000
0x0000700009013ec0:   00007f9584c0b448 0000000000000001
0x0000700009013ed0:   00007f9584c0b3f0 00007f9585006330
0x0000700009013ee0:   000000010aef9468 0000700009014000
0x0000700009013ef0:   0000000000000000 0000000000000000
0x0000700009013f00:   0000000000000000 0000000000000000
0x0000700009013f10:   0000700009013f30 00007fff5eae6339
0x0000700009013f20:   0000000000000000 0000700009014000 

Instructions: (pc=0x000000010ad034c4)
0x000000010ad034a4:   5d e9 16 00 00 00 66 0f 1f 44 00 00 55 48 89 e5
0x000000010ad034b4:   5d e9 16 00 00 00 66 0f 1f 44 00 00 55 48 89 e5
0x000000010ad034c4:   48 8b 07 5d c3 0f 1f 80 00 00 00 00 55 48 89 e5
0x000000010ad034d4:   48 89 f8 5d c3 0f 1f 80 00 00 00 00 55 48 89 e5 

Stack slot to memory mapping:
stack at sp + 0 slots: 0x0000700009013d40 is pointing into the stack for thread: 0x00007f9585006000
stack at sp + 1 slots: 0x000000010ad03489: _ZN16RawAccessBarrierILy1097844EE8oop_loadIP7oopDescEET_Pv+0x9 in /Library/Java/JavaVirtualMachines/jdk-12.0.1.jdk/Contents/Home/lib/server/libjvm.dylib at 0x000000010a600000
stack at sp + 2 slots: 0x0000700009013d60 is pointing into the stack for thread: 0x00007f9585006000
stack at sp + 3 slots: 0x000000010ad034fb: _ZN12G1BarrierSet13AccessBarrierILy1097844ES_E20oop_load_not_in_heapIP7oopDescEES4_PT_+0xb in /Library/Java/JavaVirtualMachines/jdk-12.0.1.jdk/Contents/Home/lib/server/libjvm.dylib at 0x000000010a600000
stack at sp + 4 slots: 0x0 is NULL
stack at sp + 5 slots: 0x0 is NULL
stack at sp + 6 slots: 0x0000700009013df0 is pointing into the stack for thread: 0x00007f9585006000
stack at sp + 7 slots: 0x000000010a9daab2: jni_GetStringUTFChars+0xdb in /Library/Java/JavaVirtualMachines/jdk-12.0.1.jdk/Contents/Home/lib/server/libjvm.dylib at 0x000000010a600000


---------------  P R O C E S S  ---------------

Threads class SMR info:
_java_thread_list=0x00007f9584e23360, length=9, elements={
0x00007f9585006000, 0x00007f9585073000, 0x00007f958601b800, 0x00007f958601d000,
0x00007f9586022800, 0x00007f9586023000, 0x00007f9585074000, 0x00007f958683a800,
0x00007f958683b800
}

Java Threads: ( => current thread )
=>0x00007f9585006000 JavaThread "main" [_thread_in_vm, id=6403, stack(0x0000700008f14000,0x0000700009014000)]
  0x00007f9585073000 JavaThread "Reference Handler" daemon [_thread_blocked, id=17667, stack(0x0000700009629000,0x0000700009729000)]
  0x00007f958601b800 JavaThread "Finalizer" daemon [_thread_blocked, id=17155, stack(0x000070000972c000,0x000070000982c000)]
  0x00007f958601d000 JavaThread "Signal Dispatcher" daemon [_thread_blocked, id=15619, stack(0x000070000982f000,0x000070000992f000)]
  0x00007f9586022800 JavaThread "C2 CompilerThread0" daemon [_thread_blocked, id=43267, stack(0x0000700009932000,0x0000700009a32000)]
  0x00007f9586023000 JavaThread "C1 CompilerThread0" daemon [_thread_blocked, id=43011, stack(0x0000700009a35000,0x0000700009b35000)]
  0x00007f9585074000 JavaThread "Sweeper thread" daemon [_thread_blocked, id=22787, stack(0x0000700009b38000,0x0000700009c38000)]
  0x00007f958683a800 JavaThread "Service Thread" daemon [_thread_blocked, id=23299, stack(0x0000700009c3b000,0x0000700009d3b000)]
  0x00007f958683b800 JavaThread "Common-Cleaner" daemon [_thread_blocked, id=41987, stack(0x0000700009e41000,0x0000700009f41000)]

Other Threads:
  0x00007f9586012800 VMThread "VM Thread" [stack: 0x0000700009526000,0x0000700009626000] [id=13315]
  0x00007f9586096800 WatcherThread [stack: 0x0000700009d3e000,0x0000700009e3e000] [id=23555]
  0x00007f958581d000 GCTaskThread "GC Thread#0" [stack: 0x0000700009017000,0x0000700009117000] [id=11523]
  0x00007f9585047800 ConcurrentGCThread "G1 Main Marker" [stack: 0x000070000911a000,0x000070000921a000] [id=12035]
  0x00007f9586003800 ConcurrentGCThread "G1 Conc#0" [stack: 0x000070000921d000,0x000070000931d000] [id=12547]
  0x00007f9586827800 ConcurrentGCThread "G1 Refine#0" [stack: 0x0000700009320000,0x0000700009420000] [id=19459]
  0x00007f9586828800 ConcurrentGCThread "G1 Young RemSet Sampling" [stack: 0x0000700009423000,0x0000700009523000] [id=18947]

Threads with active compile tasks:

VM state:not at safepoint (normal execution)

VM Mutex/Monitor currently owned by a thread: None

Heap address: 0x0000000780000000, size: 2048 MB, Compressed Oops mode: Zero based, Oop shift amount: 3
Narrow klass base: 0x0000000800000000, Narrow klass shift: 3
Compressed class space size: 1073741824 Address: 0x00000008010fa000

Heap:
 garbage-first heap   total 133120K, used 1752K [0x0000000780000000, 0x0000000800000000)
  region size 1024K, 2 young (2048K), 0 survivors (0K)
 Metaspace       used 291K, capacity 4556K, committed 4864K, reserved 1056768K
  class space    used 15K, capacity 392K, committed 512K, reserved 1048576K
Heap Regions: E=young(eden), S=young(survivor), O=old, HS=humongous(starts), HC=humongous(continues), CS=collection set, F=free, A=archive, TAMS=top-at-mark-start (previous, next)
|   0|0x0000000780000000, 0x0000000780000000, 0x0000000780100000|  0%| F|  |TAMS 0x0000000780000000, 0x0000000780000000| Untracked 
|   1|0x0000000780100000, 0x0000000780100000, 0x0000000780200000|  0%| F|  |TAMS 0x0000000780100000, 0x0000000780100000| Untracked 
|   2|0x0000000780200000, 0x0000000780200000, 0x0000000780300000|  0%| F|  |TAMS 0x0000000780200000, 0x0000000780200000| Untracked 
|   3|0x0000000780300000, 0x0000000780300000, 0x0000000780400000|  0%| F|  |TAMS 0x0000000780300000, 0x0000000780300000| Untracked 
|   4|0x0000000780400000, 0x0000000780400000, 0x0000000780500000|  0%| F|  |TAMS 0x0000000780400000, 0x0000000780400000| Untracked 
|   5|0x0000000780500000, 0x0000000780500000, 0x0000000780600000|  0%| F|  |TAMS 0x0000000780500000, 0x0000000780500000| Untracked 
|   6|0x0000000780600000, 0x0000000780600000, 0x0000000780700000|  0%| F|  |TAMS 0x0000000780600000, 0x0000000780600000| Untracked 
|   7|0x0000000780700000, 0x0000000780700000, 0x0000000780800000|  0%| F|  |TAMS 0x0000000780700000, 0x0000000780700000| Untracked 
|   8|0x0000000780800000, 0x0000000780800000, 0x0000000780900000|  0%| F|  |TAMS 0x0000000780800000, 0x0000000780800000| Untracked 
|   9|0x0000000780900000, 0x0000000780900000, 0x0000000780a00000|  0%| F|  |TAMS 0x0000000780900000, 0x0000000780900000| Untracked 
|  10|0x0000000780a00000, 0x0000000780a00000, 0x0000000780b00000|  0%| F|  |TAMS 0x0000000780a00000, 0x0000000780a00000| Untracked 
|  11|0x0000000780b00000, 0x0000000780b00000, 0x0000000780c00000|  0%| F|  |TAMS 0x0000000780b00000, 0x0000000780b00000| Untracked 
|  12|0x0000000780c00000, 0x0000000780c00000, 0x0000000780d00000|  0%| F|  |TAMS 0x0000000780c00000, 0x0000000780c00000| Untracked 
|  13|0x0000000780d00000, 0x0000000780d00000, 0x0000000780e00000|  0%| F|  |TAMS 0x0000000780d00000, 0x0000000780d00000| Untracked 
|  14|0x0000000780e00000, 0x0000000780e00000, 0x0000000780f00000|  0%| F|  |TAMS 0x0000000780e00000, 0x0000000780e00000| Untracked 
|  15|0x0000000780f00000, 0x0000000780f00000, 0x0000000781000000|  0%| F|  |TAMS 0x0000000780f00000, 0x0000000780f00000| Untracked 
|  16|0x0000000781000000, 0x0000000781000000, 0x0000000781100000|  0%| F|  |TAMS 0x0000000781000000, 0x0000000781000000| Untracked 
|  17|0x0000000781100000, 0x0000000781100000, 0x0000000781200000|  0%| F|  |TAMS 0x0000000781100000, 0x0000000781100000| Untracked 
|  18|0x0000000781200000, 0x0000000781200000, 0x0000000781300000|  0%| F|  |TAMS 0x0000000781200000, 0x0000000781200000| Untracked 
|  19|0x0000000781300000, 0x0000000781300000, 0x0000000781400000|  0%| F|  |TAMS 0x0000000781300000, 0x0000000781300000| Untracked 
|  20|0x0000000781400000, 0x0000000781400000, 0x0000000781500000|  0%| F|  |TAMS 0x0000000781400000, 0x0000000781400000| Untracked 
|  21|0x0000000781500000, 0x0000000781500000, 0x0000000781600000|  0%| F|  |TAMS 0x0000000781500000, 0x0000000781500000| Untracked 
|  22|0x0000000781600000, 0x0000000781600000, 0x0000000781700000|  0%| F|  |TAMS 0x0000000781600000, 0x0000000781600000| Untracked 
|  23|0x0000000781700000, 0x0000000781700000, 0x0000000781800000|  0%| F|  |TAMS 0x0000000781700000, 0x0000000781700000| Untracked 
|  24|0x0000000781800000, 0x0000000781800000, 0x0000000781900000|  0%| F|  |TAMS 0x0000000781800000, 0x0000000781800000| Untracked 
|  25|0x0000000781900000, 0x0000000781900000, 0x0000000781a00000|  0%| F|  |TAMS 0x0000000781900000, 0x0000000781900000| Untracked 
|  26|0x0000000781a00000, 0x0000000781a00000, 0x0000000781b00000|  0%| F|  |TAMS 0x0000000781a00000, 0x0000000781a00000| Untracked 
|  27|0x0000000781b00000, 0x0000000781b00000, 0x0000000781c00000|  0%| F|  |TAMS 0x0000000781b00000, 0x0000000781b00000| Untracked 
|  28|0x0000000781c00000, 0x0000000781c00000, 0x0000000781d00000|  0%| F|  |TAMS 0x0000000781c00000, 0x0000000781c00000| Untracked 
|  29|0x0000000781d00000, 0x0000000781d00000, 0x0000000781e00000|  0%| F|  |TAMS 0x0000000781d00000, 0x0000000781d00000| Untracked 
|  30|0x0000000781e00000, 0x0000000781e00000, 0x0000000781f00000|  0%| F|  |TAMS 0x0000000781e00000, 0x0000000781e00000| Untracked 
|  31|0x0000000781f00000, 0x0000000781f00000, 0x0000000782000000|  0%| F|  |TAMS 0x0000000781f00000, 0x0000000781f00000| Untracked 
|  32|0x0000000782000000, 0x0000000782000000, 0x0000000782100000|  0%| F|  |TAMS 0x0000000782000000, 0x0000000782000000| Untracked 
|  33|0x0000000782100000, 0x0000000782100000, 0x0000000782200000|  0%| F|  |TAMS 0x0000000782100000, 0x0000000782100000| Untracked 
|  34|0x0000000782200000, 0x0000000782200000, 0x0000000782300000|  0%| F|  |TAMS 0x0000000782200000, 0x0000000782200000| Untracked 
|  35|0x0000000782300000, 0x0000000782300000, 0x0000000782400000|  0%| F|  |TAMS 0x0000000782300000, 0x0000000782300000| Untracked 
|  36|0x0000000782400000, 0x0000000782400000, 0x0000000782500000|  0%| F|  |TAMS 0x0000000782400000, 0x0000000782400000| Untracked 
|  37|0x0000000782500000, 0x0000000782500000, 0x0000000782600000|  0%| F|  |TAMS 0x0000000782500000, 0x0000000782500000| Untracked 
|  38|0x0000000782600000, 0x0000000782600000, 0x0000000782700000|  0%| F|  |TAMS 0x0000000782600000, 0x0000000782600000| Untracked 
|  39|0x0000000782700000, 0x0000000782700000, 0x0000000782800000|  0%| F|  |TAMS 0x0000000782700000, 0x0000000782700000| Untracked 
|  40|0x0000000782800000, 0x0000000782800000, 0x0000000782900000|  0%| F|  |TAMS 0x0000000782800000, 0x0000000782800000| Untracked 
|  41|0x0000000782900000, 0x0000000782900000, 0x0000000782a00000|  0%| F|  |TAMS 0x0000000782900000, 0x0000000782900000| Untracked 
|  42|0x0000000782a00000, 0x0000000782a00000, 0x0000000782b00000|  0%| F|  |TAMS 0x0000000782a00000, 0x0000000782a00000| Untracked 
|  43|0x0000000782b00000, 0x0000000782b00000, 0x0000000782c00000|  0%| F|  |TAMS 0x0000000782b00000, 0x0000000782b00000| Untracked 
|  44|0x0000000782c00000, 0x0000000782c00000, 0x0000000782d00000|  0%| F|  |TAMS 0x0000000782c00000, 0x0000000782c00000| Untracked 
|  45|0x0000000782d00000, 0x0000000782d00000, 0x0000000782e00000|  0%| F|  |TAMS 0x0000000782d00000, 0x0000000782d00000| Untracked 
|  46|0x0000000782e00000, 0x0000000782e00000, 0x0000000782f00000|  0%| F|  |TAMS 0x0000000782e00000, 0x0000000782e00000| Untracked 
|  47|0x0000000782f00000, 0x0000000782f00000, 0x0000000783000000|  0%| F|  |TAMS 0x0000000782f00000, 0x0000000782f00000| Untracked 
|  48|0x0000000783000000, 0x0000000783000000, 0x0000000783100000|  0%| F|  |TAMS 0x0000000783000000, 0x0000000783000000| Untracked 
|  49|0x0000000783100000, 0x0000000783100000, 0x0000000783200000|  0%| F|  |TAMS 0x0000000783100000, 0x0000000783100000| Untracked 
|  50|0x0000000783200000, 0x0000000783200000, 0x0000000783300000|  0%| F|  |TAMS 0x0000000783200000, 0x0000000783200000| Untracked 
|  51|0x0000000783300000, 0x0000000783300000, 0x0000000783400000|  0%| F|  |TAMS 0x0000000783300000, 0x0000000783300000| Untracked 
|  52|0x0000000783400000, 0x0000000783400000, 0x0000000783500000|  0%| F|  |TAMS 0x0000000783400000, 0x0000000783400000| Untracked 
|  53|0x0000000783500000, 0x0000000783500000, 0x0000000783600000|  0%| F|  |TAMS 0x0000000783500000, 0x0000000783500000| Untracked 
|  54|0x0000000783600000, 0x0000000783600000, 0x0000000783700000|  0%| F|  |TAMS 0x0000000783600000, 0x0000000783600000| Untracked 
|  55|0x0000000783700000, 0x0000000783700000, 0x0000000783800000|  0%| F|  |TAMS 0x0000000783700000, 0x0000000783700000| Untracked 
|  56|0x0000000783800000, 0x0000000783800000, 0x0000000783900000|  0%| F|  |TAMS 0x0000000783800000, 0x0000000783800000| Untracked 
|  57|0x0000000783900000, 0x0000000783900000, 0x0000000783a00000|  0%| F|  |TAMS 0x0000000783900000, 0x0000000783900000| Untracked 
|  58|0x0000000783a00000, 0x0000000783a00000, 0x0000000783b00000|  0%| F|  |TAMS 0x0000000783a00000, 0x0000000783a00000| Untracked 
|  59|0x0000000783b00000, 0x0000000783b00000, 0x0000000783c00000|  0%| F|  |TAMS 0x0000000783b00000, 0x0000000783b00000| Untracked 
|  60|0x0000000783c00000, 0x0000000783c00000, 0x0000000783d00000|  0%| F|  |TAMS 0x0000000783c00000, 0x0000000783c00000| Untracked 
|  61|0x0000000783d00000, 0x0000000783d00000, 0x0000000783e00000|  0%| F|  |TAMS 0x0000000783d00000, 0x0000000783d00000| Untracked 
|  62|0x0000000783e00000, 0x0000000783e00000, 0x0000000783f00000|  0%| F|  |TAMS 0x0000000783e00000, 0x0000000783e00000| Untracked 
|  63|0x0000000783f00000, 0x0000000783f00000, 0x0000000784000000|  0%| F|  |TAMS 0x0000000783f00000, 0x0000000783f00000| Untracked 
|  64|0x0000000784000000, 0x0000000784000000, 0x0000000784100000|  0%| F|  |TAMS 0x0000000784000000, 0x0000000784000000| Untracked 
|  65|0x0000000784100000, 0x0000000784100000, 0x0000000784200000|  0%| F|  |TAMS 0x0000000784100000, 0x0000000784100000| Untracked 
|  66|0x0000000784200000, 0x0000000784200000, 0x0000000784300000|  0%| F|  |TAMS 0x0000000784200000, 0x0000000784200000| Untracked 
|  67|0x0000000784300000, 0x0000000784300000, 0x0000000784400000|  0%| F|  |TAMS 0x0000000784300000, 0x0000000784300000| Untracked 
|  68|0x0000000784400000, 0x0000000784400000, 0x0000000784500000|  0%| F|  |TAMS 0x0000000784400000, 0x0000000784400000| Untracked 
|  69|0x0000000784500000, 0x0000000784500000, 0x0000000784600000|  0%| F|  |TAMS 0x0000000784500000, 0x0000000784500000| Untracked 
|  70|0x0000000784600000, 0x0000000784600000, 0x0000000784700000|  0%| F|  |TAMS 0x0000000784600000, 0x0000000784600000| Untracked 
|  71|0x0000000784700000, 0x0000000784700000, 0x0000000784800000|  0%| F|  |TAMS 0x0000000784700000, 0x0000000784700000| Untracked 
|  72|0x0000000784800000, 0x0000000784800000, 0x0000000784900000|  0%| F|  |TAMS 0x0000000784800000, 0x0000000784800000| Untracked 
|  73|0x0000000784900000, 0x0000000784900000, 0x0000000784a00000|  0%| F|  |TAMS 0x0000000784900000, 0x0000000784900000| Untracked 
|  74|0x0000000784a00000, 0x0000000784a00000, 0x0000000784b00000|  0%| F|  |TAMS 0x0000000784a00000, 0x0000000784a00000| Untracked 
|  75|0x0000000784b00000, 0x0000000784b00000, 0x0000000784c00000|  0%| F|  |TAMS 0x0000000784b00000, 0x0000000784b00000| Untracked 
|  76|0x0000000784c00000, 0x0000000784c00000, 0x0000000784d00000|  0%| F|  |TAMS 0x0000000784c00000, 0x0000000784c00000| Untracked 
|  77|0x0000000784d00000, 0x0000000784d00000, 0x0000000784e00000|  0%| F|  |TAMS 0x0000000784d00000, 0x0000000784d00000| Untracked 
|  78|0x0000000784e00000, 0x0000000784e00000, 0x0000000784f00000|  0%| F|  |TAMS 0x0000000784e00000, 0x0000000784e00000| Untracked 
|  79|0x0000000784f00000, 0x0000000784f00000, 0x0000000785000000|  0%| F|  |TAMS 0x0000000784f00000, 0x0000000784f00000| Untracked 
|  80|0x0000000785000000, 0x0000000785000000, 0x0000000785100000|  0%| F|  |TAMS 0x0000000785000000, 0x0000000785000000| Untracked 
|  81|0x0000000785100000, 0x0000000785100000, 0x0000000785200000|  0%| F|  |TAMS 0x0000000785100000, 0x0000000785100000| Untracked 
|  82|0x0000000785200000, 0x0000000785200000, 0x0000000785300000|  0%| F|  |TAMS 0x0000000785200000, 0x0000000785200000| Untracked 
|  83|0x0000000785300000, 0x0000000785300000, 0x0000000785400000|  0%| F|  |TAMS 0x0000000785300000, 0x0000000785300000| Untracked 
|  84|0x0000000785400000, 0x0000000785400000, 0x0000000785500000|  0%| F|  |TAMS 0x0000000785400000, 0x0000000785400000| Untracked 
|  85|0x0000000785500000, 0x0000000785500000, 0x0000000785600000|  0%| F|  |TAMS 0x0000000785500000, 0x0000000785500000| Untracked 
|  86|0x0000000785600000, 0x0000000785600000, 0x0000000785700000|  0%| F|  |TAMS 0x0000000785600000, 0x0000000785600000| Untracked 
|  87|0x0000000785700000, 0x0000000785700000, 0x0000000785800000|  0%| F|  |TAMS 0x0000000785700000, 0x0000000785700000| Untracked 
|  88|0x0000000785800000, 0x0000000785800000, 0x0000000785900000|  0%| F|  |TAMS 0x0000000785800000, 0x0000000785800000| Untracked 
|  89|0x0000000785900000, 0x0000000785900000, 0x0000000785a00000|  0%| F|  |TAMS 0x0000000785900000, 0x0000000785900000| Untracked 
|  90|0x0000000785a00000, 0x0000000785a00000, 0x0000000785b00000|  0%| F|  |TAMS 0x0000000785a00000, 0x0000000785a00000| Untracked 
|  91|0x0000000785b00000, 0x0000000785b00000, 0x0000000785c00000|  0%| F|  |TAMS 0x0000000785b00000, 0x0000000785b00000| Untracked 
|  92|0x0000000785c00000, 0x0000000785c00000, 0x0000000785d00000|  0%| F|  |TAMS 0x0000000785c00000, 0x0000000785c00000| Untracked 
|  93|0x0000000785d00000, 0x0000000785d00000, 0x0000000785e00000|  0%| F|  |TAMS 0x0000000785d00000, 0x0000000785d00000| Untracked 
|  94|0x0000000785e00000, 0x0000000785e00000, 0x0000000785f00000|  0%| F|  |TAMS 0x0000000785e00000, 0x0000000785e00000| Untracked 
|  95|0x0000000785f00000, 0x0000000785f00000, 0x0000000786000000|  0%| F|  |TAMS 0x0000000785f00000, 0x0000000785f00000| Untracked 
|  96|0x0000000786000000, 0x0000000786000000, 0x0000000786100000|  0%| F|  |TAMS 0x0000000786000000, 0x0000000786000000| Untracked 
|  97|0x0000000786100000, 0x0000000786100000, 0x0000000786200000|  0%| F|  |TAMS 0x0000000786100000, 0x0000000786100000| Untracked 
|  98|0x0000000786200000, 0x0000000786200000, 0x0000000786300000|  0%| F|  |TAMS 0x0000000786200000, 0x0000000786200000| Untracked 
|  99|0x0000000786300000, 0x0000000786300000, 0x0000000786400000|  0%| F|  |TAMS 0x0000000786300000, 0x0000000786300000| Untracked 
| 100|0x0000000786400000, 0x0000000786400000, 0x0000000786500000|  0%| F|  |TAMS 0x0000000786400000, 0x0000000786400000| Untracked 
| 101|0x0000000786500000, 0x0000000786500000, 0x0000000786600000|  0%| F|  |TAMS 0x0000000786500000, 0x0000000786500000| Untracked 
| 102|0x0000000786600000, 0x0000000786600000, 0x0000000786700000|  0%| F|  |TAMS 0x0000000786600000, 0x0000000786600000| Untracked 
| 103|0x0000000786700000, 0x0000000786700000, 0x0000000786800000|  0%| F|  |TAMS 0x0000000786700000, 0x0000000786700000| Untracked 
| 104|0x0000000786800000, 0x0000000786800000, 0x0000000786900000|  0%| F|  |TAMS 0x0000000786800000, 0x0000000786800000| Untracked 
| 105|0x0000000786900000, 0x0000000786900000, 0x0000000786a00000|  0%| F|  |TAMS 0x0000000786900000, 0x0000000786900000| Untracked 
| 106|0x0000000786a00000, 0x0000000786a00000, 0x0000000786b00000|  0%| F|  |TAMS 0x0000000786a00000, 0x0000000786a00000| Untracked 
| 107|0x0000000786b00000, 0x0000000786b00000, 0x0000000786c00000|  0%| F|  |TAMS 0x0000000786b00000, 0x0000000786b00000| Untracked 
| 108|0x0000000786c00000, 0x0000000786c00000, 0x0000000786d00000|  0%| F|  |TAMS 0x0000000786c00000, 0x0000000786c00000| Untracked 
| 109|0x0000000786d00000, 0x0000000786d00000, 0x0000000786e00000|  0%| F|  |TAMS 0x0000000786d00000, 0x0000000786d00000| Untracked 
| 110|0x0000000786e00000, 0x0000000786e00000, 0x0000000786f00000|  0%| F|  |TAMS 0x0000000786e00000, 0x0000000786e00000| Untracked 
| 111|0x0000000786f00000, 0x0000000786f00000, 0x0000000787000000|  0%| F|  |TAMS 0x0000000786f00000, 0x0000000786f00000| Untracked 
| 112|0x0000000787000000, 0x0000000787000000, 0x0000000787100000|  0%| F|  |TAMS 0x0000000787000000, 0x0000000787000000| Untracked 
| 113|0x0000000787100000, 0x0000000787100000, 0x0000000787200000|  0%| F|  |TAMS 0x0000000787100000, 0x0000000787100000| Untracked 
| 114|0x0000000787200000, 0x0000000787200000, 0x0000000787300000|  0%| F|  |TAMS 0x0000000787200000, 0x0000000787200000| Untracked 
| 115|0x0000000787300000, 0x0000000787300000, 0x0000000787400000|  0%| F|  |TAMS 0x0000000787300000, 0x0000000787300000| Untracked 
| 116|0x0000000787400000, 0x0000000787400000, 0x0000000787500000|  0%| F|  |TAMS 0x0000000787400000, 0x0000000787400000| Untracked 
| 117|0x0000000787500000, 0x0000000787500000, 0x0000000787600000|  0%| F|  |TAMS 0x0000000787500000, 0x0000000787500000| Untracked 
| 118|0x0000000787600000, 0x0000000787600000, 0x0000000787700000|  0%| F|  |TAMS 0x0000000787600000, 0x0000000787600000| Untracked 
| 119|0x0000000787700000, 0x0000000787700000, 0x0000000787800000|  0%| F|  |TAMS 0x0000000787700000, 0x0000000787700000| Untracked 
| 120|0x0000000787800000, 0x0000000787800000, 0x0000000787900000|  0%| F|  |TAMS 0x0000000787800000, 0x0000000787800000| Untracked 
| 121|0x0000000787900000, 0x0000000787900000, 0x0000000787a00000|  0%| F|  |TAMS 0x0000000787900000, 0x0000000787900000| Untracked 
| 122|0x0000000787a00000, 0x0000000787a00000, 0x0000000787b00000|  0%| F|  |TAMS 0x0000000787a00000, 0x0000000787a00000| Untracked 
| 123|0x0000000787b00000, 0x0000000787b00000, 0x0000000787c00000|  0%| F|  |TAMS 0x0000000787b00000, 0x0000000787b00000| Untracked 
| 124|0x0000000787c00000, 0x0000000787c00000, 0x0000000787d00000|  0%| F|  |TAMS 0x0000000787c00000, 0x0000000787c00000| Untracked 
| 125|0x0000000787d00000, 0x0000000787d00000, 0x0000000787e00000|  0%| F|  |TAMS 0x0000000787d00000, 0x0000000787d00000| Untracked 
| 126|0x0000000787e00000, 0x0000000787e53e38, 0x0000000787f00000| 32%| E|  |TAMS 0x0000000787e00000, 0x0000000787e00000| Complete 
| 127|0x0000000787f00000, 0x0000000788000000, 0x0000000788000000|100%| E|CS|TAMS 0x0000000787f00000, 0x0000000787f00000| Complete 
|1022|0x00000007bfe00000, 0x00000007bfe46000, 0x00000007bff00000| 27%|OA|  |TAMS 0x00000007bfe00000, 0x00000007bfe00000| Untracked 
|1023|0x00000007bff00000, 0x00000007bff70000, 0x00000007c0000000| 43%|CA|  |TAMS 0x00000007bff00000, 0x00000007bff00000| Untracked 

Card table byte_map: [0x0000000122b45000,0x0000000122f45000] _byte_map_base: 0x000000011ef45000

Marking Bits (Prev, Next): (CMBitMap*) 0x00007f958503b018, (CMBitMap*) 0x00007f958503b058
 Prev Bits: [0x0000000123345000, 0x0000000125345000)
 Next Bits: [0x0000000125345000, 0x0000000127345000)

Polling page: 0x0000000109324000

Metaspace:

Usage:
  Non-class:      4.07 MB capacity,   275.40 KB (  7%) used,     3.80 MB ( 93%) free+waste,   192 bytes ( <1%) overhead. 
      Class:    392.00 KB capacity,    15.75 KB (  4%) used,   375.94 KB ( 96%) free+waste,   320 bytes ( <1%) overhead. 
       Both:      4.45 MB capacity,   291.15 KB (  6%) used,     4.16 MB ( 94%) free+waste,   512 bytes ( <1%) overhead. 

Virtual space:
  Non-class space:        8.00 MB reserved,       4.25 MB ( 53%) committed 
      Class space:        1.00 GB reserved,     512.00 KB ( <1%) committed 
             Both:        1.01 GB reserved,       4.75 MB ( <1%) committed 

Chunk freelists:
   Non-Class:  5.00 KB
       Class:  0 bytes
        Both:  5.00 KB

CodeHeap 'non-profiled nmethods': size=120032Kb used=19Kb max_used=19Kb free=120012Kb
 bounds [0x000000011b20d000, 0x000000011b47d000, 0x0000000122745000]
CodeHeap 'profiled nmethods': size=120032Kb used=124Kb max_used=124Kb free=119907Kb
 bounds [0x0000000113cd5000, 0x0000000113f45000, 0x000000011b20d000]
CodeHeap 'non-nmethods': size=5696Kb used=1012Kb max_used=1022Kb free=4683Kb
 bounds [0x0000000113745000, 0x00000001139b5000, 0x0000000113cd5000]
 total_blobs=413 nmethods=84 adapters=185
 compilation: enabled
              stopped_count=0, restarted_count=0
 full_count=0

Compilation events (10 events):
Event: 0.081 Thread 0x00007f9586023000 nmethod 78 0x0000000113cf0990 code [0x0000000113cf0b60, 0x0000000113cf0e10]
Event: 0.082 Thread 0x00007f9586023000   79       3       java.lang.String::<init> (15 bytes)
Event: 0.082 Thread 0x00007f9586023000 nmethod 79 0x0000000113cf0f10 code [0x0000000113cf10c0, 0x0000000113cf12f0]
Event: 0.083 Thread 0x00007f9586023000   80       3       java.lang.StringLatin1::hashCode (42 bytes)
Event: 0.083 Thread 0x00007f9586023000 nmethod 80 0x0000000113cf1390 code [0x0000000113cf1540, 0x0000000113cf1750]
Event: 0.083 Thread 0x00007f9586023000   81       3       java.lang.CharacterData::of (120 bytes)
Event: 0.084 Thread 0x00007f9586023000 nmethod 81 0x0000000113cf1890 code [0x0000000113cf1aa0, 0x0000000113cf2230]
Event: 0.084 Thread 0x00007f9586023000   82       3       java.util.Arrays::copyOfRange (63 bytes)
Event: 0.085 Thread 0x00007f9586023000 nmethod 82 0x0000000113cf2410 code [0x0000000113cf26a0, 0x0000000113cf3238]
Event: 0.085 Thread 0x00007f9586023000   83       3       java.lang.AbstractStringBuilder::ensureCapacityInternal (39 bytes)

GC Heap History (0 events):
No events

Deoptimization events (0 events):
No events

Classes redefined (0 events):
No events

Internal exceptions (0 events):
No events

Events (10 events):
Event: 0.079 loading class org/apache/kafka/common/protocol/ApiKeys$2
Event: 0.079 loading class org/apache/kafka/common/protocol/ApiKeys$2 done
Event: 0.082 loading class org/apache/kafka/common/protocol/types/Struct
Event: 0.082 loading class org/apache/kafka/common/protocol/types/Struct done
Event: 0.083 loading class org/apache/kafka/common/protocol/types/Schema
Event: 0.083 loading class org/apache/kafka/common/protocol/types/Schema done
Event: 0.084 loading class org/apache/kafka/common/protocol/types/Type
Event: 0.084 loading class org/apache/kafka/common/protocol/types/Type done
Event: 0.085 loading class java/lang/Class$EnclosingMethodInfo
Event: 0.085 loading class java/lang/Class$EnclosingMethodInfo done


Dynamic libraries:
0x00007fff5e6f2000 	/usr/lib/libz.1.dylib
0x00000001092d4000 	/Library/Java/JavaVirtualMachines/jdk-12.0.1.jdk/Contents/Home/lib/libjli.dylib
0x00007fff30eb8000 	/System/Library/Frameworks/Cocoa.framework/Versions/A/Cocoa
0x00007fff3d162000 	/System/Library/Frameworks/Security.framework/Versions/A/Security
0x00007fff2fac2000 	/System/Library/Frameworks/ApplicationServices.framework/Versions/A/ApplicationServices
0x00007fff5bd69000 	/usr/lib/libSystem.B.dylib
0x00007fff5e775000 	/usr/lib/system/libcache.dylib
0x00007fff5e77a000 	/usr/lib/system/libcommonCrypto.dylib
0x00007fff5e785000 	/usr/lib/system/libcompiler_rt.dylib
0x00007fff5e78d000 	/usr/lib/system/libcopyfile.dylib
0x00007fff5e797000 	/usr/lib/system/libcorecrypto.dylib
0x00007fff5e8a2000 	/usr/lib/system/libdispatch.dylib
0x00007fff5e8dd000 	/usr/lib/system/libdyld.dylib
0x00007fff5e90d000 	/usr/lib/system/libkeymgr.dylib
0x00007fff5e91b000 	/usr/lib/system/liblaunch.dylib
0x00007fff5e91c000 	/usr/lib/system/libmacho.dylib
0x00007fff5e922000 	/usr/lib/system/libquarantine.dylib
0x00007fff5e925000 	/usr/lib/system/libremovefile.dylib
0x00007fff5e927000 	/usr/lib/system/libsystem_asl.dylib
0x00007fff5e93f000 	/usr/lib/system/libsystem_blocks.dylib
0x00007fff5e940000 	/usr/lib/system/libsystem_c.dylib
0x00007fff5e9c9000 	/usr/lib/system/libsystem_configuration.dylib
0x00007fff5e9cd000 	/usr/lib/system/libsystem_coreservices.dylib
0x00007fff5e9d1000 	/usr/lib/system/libsystem_darwin.dylib
0x00007fff5e9d8000 	/usr/lib/system/libsystem_dnssd.dylib
0x00007fff5e9df000 	/usr/lib/system/libsystem_info.dylib
0x00007fff5ea54000 	/usr/lib/system/libsystem_m.dylib
0x00007fff5eaa0000 	/usr/lib/system/libsystem_malloc.dylib
0x00007fff5eac5000 	/usr/lib/system/libsystem_networkextension.dylib
0x00007fff5ead1000 	/usr/lib/system/libsystem_notify.dylib
0x00007fff5eaee000 	/usr/lib/system/libsystem_sandbox.dylib
0x00007fff5eaf2000 	/usr/lib/system/libsystem_secinit.dylib
0x00007fff5ea2c000 	/usr/lib/system/libsystem_kernel.dylib
0x00007fff5ead9000 	/usr/lib/system/libsystem_platform.dylib
0x00007fff5eae3000 	/usr/lib/system/libsystem_pthread.dylib
0x00007fff5eaf5000 	/usr/lib/system/libsystem_symptoms.dylib
0x00007fff5eafd000 	/usr/lib/system/libsystem_trace.dylib
0x00007fff5eb14000 	/usr/lib/system/libunwind.dylib
0x00007fff5eb1a000 	/usr/lib/system/libxpc.dylib
0x00007fff5d80f000 	/usr/lib/libobjc.A.dylib
0x00007fff5c01b000 	/usr/lib/libc++abi.dylib
0x00007fff5bfc3000 	/usr/lib/libc++.1.dylib
0x00007fff316db000 	/System/Library/Frameworks/CoreFoundation.framework/Versions/A/CoreFoundation
0x00007fff33a60000 	/System/Library/Frameworks/Foundation.framework/Versions/C/Foundation
0x00007fff2ec50000 	/System/Library/Frameworks/AppKit.framework/Versions/C/AppKit
0x00007fff3124f000 	/System/Library/Frameworks/CoreData.framework/Versions/A/CoreData
0x00007fff54f4f000 	/System/Library/PrivateFrameworks/RemoteViewServices.framework/Versions/A/RemoteViewServices
0x00007fff59a3e000 	/System/Library/PrivateFrameworks/UIFoundation.framework/Versions/A/UIFoundation
0x00007fff5b1f0000 	/System/Library/PrivateFrameworks/XCTTargetBootstrap.framework/Versions/A/XCTTargetBootstrap
0x00007fff4fa64000 	/System/Library/PrivateFrameworks/IconServices.framework/Versions/A/IconServices
0x00007fff3631b000 	/System/Library/Frameworks/Metal.framework/Versions/A/Metal
0x00007fff46c6e000 	/System/Library/PrivateFrameworks/DesktopServicesPriv.framework/Versions/A/DesktopServicesPriv
0x00007fff5cb23000 	/usr/lib/libenergytrace.dylib
0x00007fff577b3000 	/System/Library/PrivateFrameworks/SkyLight.framework/Versions/A/SkyLight
0x00007fff31b2a000 	/System/Library/Frameworks/CoreGraphics.framework/Versions/A/CoreGraphics
0x00007fff2da0b000 	/System/Library/Frameworks/Accelerate.framework/Versions/A/Accelerate
0x00007fff341e9000 	/System/Library/Frameworks/IOSurface.framework/Versions/A/IOSurface
0x00007fff46ad0000 	/System/Library/PrivateFrameworks/DFRFoundation.framework/Versions/A/DFRFoundation
0x00007fff2ffc7000 	/System/Library/Frameworks/AudioToolbox.framework/Versions/A/AudioToolbox
0x00007fff30265000 	/System/Library/Frameworks/AudioUnit.framework/Versions/A/AudioUnit
0x00007fff46b67000 	/System/Library/PrivateFrameworks/DataDetectorsCore.framework/Versions/A/DataDetectorsCore
0x00007fff309a4000 	/System/Library/Frameworks/Carbon.framework/Versions/A/Frameworks/HIToolbox.framework/Versions/A/HIToolbox
0x00007fff5cc7e000 	/usr/lib/libicucore.A.dylib
0x00007fff3c6bc000 	/System/Library/Frameworks/QuartzCore.framework/Versions/A/QuartzCore
0x00007fff30d8b000 	/System/Library/Frameworks/Carbon.framework/Versions/A/Frameworks/SpeechRecognition.framework/Versions/A/SpeechRecognition
0x00007fff5becc000 	/usr/lib/libauto.dylib
0x00007fff5e5e5000 	/usr/lib/libxml2.2.dylib
0x00007fff466cf000 	/System/Library/PrivateFrameworks/CoreUI.framework/Versions/A/CoreUI
0x00007fff3112d000 	/System/Library/Frameworks/CoreAudio.framework/Versions/A/CoreAudio
0x00007fff33892000 	/System/Library/Frameworks/DiskArbitration.framework/Versions/A/DiskArbitration
0x00007fff5cf2e000 	/usr/lib/liblangid.dylib
0x00007fff50f11000 	/System/Library/PrivateFrameworks/MultitouchSupport.framework/Versions/A/MultitouchSupport
0x00007fff34155000 	/System/Library/Frameworks/IOKit.framework/Versions/A/IOKit
0x00007fff5b9b7000 	/usr/lib/libDiagnosticMessagesClient.dylib
0x00007fff32998000 	/System/Library/Frameworks/CoreServices.framework/Versions/A/CoreServices
0x00007fff52c40000 	/System/Library/PrivateFrameworks/PerformanceAnalysis.framework/Versions/A/PerformanceAnalysis
0x00007fff3b851000 	/System/Library/Frameworks/OpenGL.framework/Versions/A/OpenGL
0x00007fff30ec6000 	/System/Library/Frameworks/ColorSync.framework/Versions/A/ColorSync
0x00007fff321b9000 	/System/Library/Frameworks/CoreImage.framework/Versions/A/CoreImage
0x00007fff333db000 	/System/Library/Frameworks/CoreText.framework/Versions/A/CoreText
0x00007fff3424a000 	/System/Library/Frameworks/ImageIO.framework/Versions/A/ImageIO
0x00007fff42d28000 	/System/Library/PrivateFrameworks/Backup.framework/Versions/A/Backup
0x00007fff5be1f000 	/usr/lib/libarchive.2.dylib
0x00007fff305c9000 	/System/Library/Frameworks/CFNetwork.framework/Versions/A/CFNetwork
0x00007fff3d90b000 	/System/Library/Frameworks/SystemConfiguration.framework/Versions/A/SystemConfiguration
0x00007fff5b8e0000 	/usr/lib/libCRFSuite.dylib
0x00007fff5bfa3000 	/usr/lib/libbsm.0.dylib
0x00007fff5e90e000 	/usr/lib/system/libkxld.dylib
0x00007fff41fd6000 	/System/Library/PrivateFrameworks/AppleFSCompression.framework/Versions/A/AppleFSCompression
0x00007fff5bc28000 	/usr/lib/libOpenScriptingUtil.dylib
0x00007fff5c306000 	/usr/lib/libcoretls.dylib
0x00007fff5c31d000 	/usr/lib/libcoretls_cfhelpers.dylib
0x00007fff5dfa8000 	/usr/lib/libpam.2.dylib
0x00007fff5e16b000 	/usr/lib/libsqlite3.dylib
0x00007fff5e5d3000 	/usr/lib/libxar.1.dylib
0x00007fff5bfb4000 	/usr/lib/libbz2.1.0.dylib
0x00007fff5cf30000 	/usr/lib/liblzma.5.dylib
0x00007fff5d426000 	/usr/lib/libnetwork.dylib
0x00007fff5be08000 	/usr/lib/libapple_nghttp2.dylib
0x00007fff5dfaf000 	/usr/lib/libpcap.A.dylib
0x00007fff32d3c000 	/System/Library/Frameworks/CoreServices.framework/Versions/A/Frameworks/FSEvents.framework/Versions/A/FSEvents
0x00007fff32a18000 	/System/Library/Frameworks/CoreServices.framework/Versions/A/Frameworks/CarbonCore.framework/Versions/A/CarbonCore
0x00007fff32f11000 	/System/Library/Frameworks/CoreServices.framework/Versions/A/Frameworks/Metadata.framework/Versions/A/Metadata
0x00007fff32fb4000 	/System/Library/Frameworks/CoreServices.framework/Versions/A/Frameworks/OSServices.framework/Versions/A/OSServices
0x00007fff33000000 	/System/Library/Frameworks/CoreServices.framework/Versions/A/Frameworks/SearchKit.framework/Versions/A/SearchKit
0x00007fff32999000 	/System/Library/Frameworks/CoreServices.framework/Versions/A/Frameworks/AE.framework/Versions/A/AE
0x00007fff32d45000 	/System/Library/Frameworks/CoreServices.framework/Versions/A/Frameworks/LaunchServices.framework/Versions/A/LaunchServices
0x00007fff32cf1000 	/System/Library/Frameworks/CoreServices.framework/Versions/A/Frameworks/DictionaryServices.framework/Versions/A/DictionaryServices
0x00007fff3306f000 	/System/Library/Frameworks/CoreServices.framework/Versions/A/Frameworks/SharedFileList.framework/Versions/A/SharedFileList
0x00007fff377e2000 	/System/Library/Frameworks/NetFS.framework/Versions/A/NetFS
0x00007fff511ae000 	/System/Library/PrivateFrameworks/NetAuth.framework/Versions/A/NetAuth
0x00007fff5b624000 	/System/Library/PrivateFrameworks/login.framework/Versions/A/Frameworks/loginsupport.framework/Versions/A/loginsupport
0x00007fff59637000 	/System/Library/PrivateFrameworks/TCC.framework/Versions/A/TCC
0x00007fff45cf2000 	/System/Library/PrivateFrameworks/CoreNLP.framework/Versions/A/CoreNLP
0x00007fff50c02000 	/System/Library/PrivateFrameworks/MetadataUtilities.framework/Versions/A/MetadataUtilities
0x00007fff5d011000 	/usr/lib/libmecabra.dylib
0x00007fff2fac3000 	/System/Library/Frameworks/ApplicationServices.framework/Versions/A/Frameworks/ATS.framework/Versions/A/ATS
0x00007fff2fe2e000 	/System/Library/Frameworks/ApplicationServices.framework/Versions/A/Frameworks/ColorSyncLegacy.framework/Versions/A/ColorSyncLegacy
0x00007fff2fecf000 	/System/Library/Frameworks/ApplicationServices.framework/Versions/A/Frameworks/HIServices.framework/Versions/A/HIServices
0x00007fff2ff22000 	/System/Library/Frameworks/ApplicationServices.framework/Versions/A/Frameworks/LangAnalysis.framework/Versions/A/LangAnalysis
0x00007fff2ff31000 	/System/Library/Frameworks/ApplicationServices.framework/Versions/A/Frameworks/PrintCore.framework/Versions/A/PrintCore
0x00007fff2ff7e000 	/System/Library/Frameworks/ApplicationServices.framework/Versions/A/Frameworks/QD.framework/Versions/A/QD
0x00007fff2ffba000 	/System/Library/Frameworks/ApplicationServices.framework/Versions/A/Frameworks/SpeechSynthesis.framework/Versions/A/SpeechSynthesis
0x00007fff5c043000 	/usr/lib/libcompression.dylib
0x00007fff315f1000 	/System/Library/Frameworks/CoreDisplay.framework/Versions/A/CoreDisplay
0x00007fff365e3000 	/System/Library/Frameworks/MetalPerformanceShaders.framework/Versions/A/MetalPerformanceShaders
0x00007fff2da23000 	/System/Library/Frameworks/Accelerate.framework/Versions/A/Frameworks/vImage.framework/Versions/A/vImage
0x00007fff2ea9f000 	/System/Library/Frameworks/Accelerate.framework/Versions/A/Frameworks/vecLib.framework/Versions/A/vecLib
0x00007fff2e9e9000 	/System/Library/Frameworks/Accelerate.framework/Versions/A/Frameworks/vecLib.framework/Versions/A/libvMisc.dylib
0x00007fff2e804000 	/System/Library/Frameworks/Accelerate.framework/Versions/A/Frameworks/vecLib.framework/Versions/A/libvDSP.dylib
0x00007fff2e0c4000 	/System/Library/Frameworks/Accelerate.framework/Versions/A/Frameworks/vecLib.framework/Versions/A/libBLAS.dylib
0x00007fff2e3af000 	/System/Library/Frameworks/Accelerate.framework/Versions/A/Frameworks/vecLib.framework/Versions/A/libLAPACK.dylib
0x00007fff2e756000 	/System/Library/Frameworks/Accelerate.framework/Versions/A/Frameworks/vecLib.framework/Versions/A/libLinearAlgebra.dylib
0x00007fff2e7f0000 	/System/Library/Frameworks/Accelerate.framework/Versions/A/Frameworks/vecLib.framework/Versions/A/libSparseBLAS.dylib
0x00007fff2e76c000 	/System/Library/Frameworks/Accelerate.framework/Versions/A/Frameworks/vecLib.framework/Versions/A/libQuadrature.dylib
0x00007fff2e33c000 	/System/Library/Frameworks/Accelerate.framework/Versions/A/Frameworks/vecLib.framework/Versions/A/libBNNS.dylib
0x00007fff2e772000 	/System/Library/Frameworks/Accelerate.framework/Versions/A/Frameworks/vecLib.framework/Versions/A/libSparse.dylib
0x00007fff4d1ff000 	/System/Library/PrivateFrameworks/GPUWrangler.framework/Versions/A/GPUWrangler
0x00007fff4f62b000 	/System/Library/PrivateFrameworks/IOAccelerator.framework/Versions/A/IOAccelerator
0x00007fff4f636000 	/System/Library/PrivateFrameworks/IOPresentment.framework/Versions/A/IOPresentment
0x00007fff46ae0000 	/System/Library/PrivateFrameworks/DSExternalDisplay.framework/Versions/A/DSExternalDisplay
0x00007fff3ac96000 	/System/Library/Frameworks/OpenGL.framework/Versions/A/Libraries/libCoreFSCache.dylib
0x00007fff363cb000 	/System/Library/Frameworks/MetalPerformanceShaders.framework/Frameworks/MPSCore.framework/Versions/A/MPSCore
0x00007fff363ec000 	/System/Library/Frameworks/MetalPerformanceShaders.framework/Frameworks/MPSImage.framework/Versions/A/MPSImage
0x00007fff36494000 	/System/Library/Frameworks/MetalPerformanceShaders.framework/Frameworks/MPSNeuralNetwork.framework/Versions/A/MPSNeuralNetwork
0x00007fff3646b000 	/System/Library/Frameworks/MetalPerformanceShaders.framework/Frameworks/MPSMatrix.framework/Versions/A/MPSMatrix
0x00007fff365c7000 	/System/Library/Frameworks/MetalPerformanceShaders.framework/Frameworks/MPSRayIntersector.framework/Versions/A/MPSRayIntersector
0x00007fff50c2b000 	/System/Library/PrivateFrameworks/MetalTools.framework/Versions/A/MetalTools
0x00007fff416d1000 	/System/Library/PrivateFrameworks/AggregateDictionary.framework/Versions/A/AggregateDictionary
0x00007fff5bc08000 	/usr/lib/libMobileGestalt.dylib
0x00007fff33541000 	/System/Library/Frameworks/CoreVideo.framework/Versions/A/CoreVideo
0x00007fff4e06a000 	/System/Library/PrivateFrameworks/GraphVisualizer.framework/Versions/A/GraphVisualizer
0x00007fff47e0f000 	/System/Library/PrivateFrameworks/FaceCore.framework/Versions/A/FaceCore
0x00007fff3a2ae000 	/System/Library/Frameworks/OpenCL.framework/Versions/A/OpenCL
0x00007fff5b9ef000 	/usr/lib/libFosl_dynamic.dylib
0x00007fff51a84000 	/System/Library/PrivateFrameworks/OTSVG.framework/Versions/A/OTSVG
0x00007fff2fbc7000 	/System/Library/Frameworks/ApplicationServices.framework/Versions/A/Frameworks/ATS.framework/Versions/A/Resources/libFontParser.dylib
0x00007fff2fce7000 	/System/Library/Frameworks/ApplicationServices.framework/Versions/A/Frameworks/ATS.framework/Versions/A/Resources/libFontRegistry.dylib
0x00007fff344d4000 	/System/Library/Frameworks/ImageIO.framework/Versions/A/Resources/libJPEG.dylib
0x00007fff347f6000 	/System/Library/Frameworks/ImageIO.framework/Versions/A/Resources/libTIFF.dylib
0x00007fff347cc000 	/System/Library/Frameworks/ImageIO.framework/Versions/A/Resources/libPng.dylib
0x00007fff343e9000 	/System/Library/Frameworks/ImageIO.framework/Versions/A/Resources/libGIF.dylib
0x00007fff343ee000 	/System/Library/Frameworks/ImageIO.framework/Versions/A/Resources/libJP2.dylib
0x00007fff347f3000 	/System/Library/Frameworks/ImageIO.framework/Versions/A/Resources/libRadiance.dylib
0x00007fff4212f000 	/System/Library/PrivateFrameworks/AppleJPEG.framework/Versions/A/AppleJPEG
0x00007fff3aca1000 	/System/Library/Frameworks/OpenGL.framework/Versions/A/Libraries/libGFXShared.dylib
0x00007fff3ae64000 	/System/Library/Frameworks/OpenGL.framework/Versions/A/Libraries/libGLU.dylib
0x00007fff3acaa000 	/System/Library/Frameworks/OpenGL.framework/Versions/A/Libraries/libGL.dylib
0x00007fff3acb6000 	/System/Library/Frameworks/OpenGL.framework/Versions/A/Libraries/libGLImage.dylib
0x00007fff3ac93000 	/System/Library/Frameworks/OpenGL.framework/Versions/A/Libraries/libCVMSPluginSupport.dylib
0x00007fff3ac9c000 	/System/Library/Frameworks/OpenGL.framework/Versions/A/Libraries/libCoreVMClient.dylib
0x00007fff5c995000 	/usr/lib/libcups.2.dylib
0x00007fff358e1000 	/System/Library/Frameworks/Kerberos.framework/Versions/A/Kerberos
0x00007fff33e9f000 	/System/Library/Frameworks/GSS.framework/Versions/A/GSS
0x00007fff5e0ff000 	/usr/lib/libresolv.9.dylib
0x00007fff5cb8c000 	/usr/lib/libiconv.2.dylib
0x00007fff4e1ca000 	/System/Library/PrivateFrameworks/Heimdal.framework/Versions/A/Heimdal
0x00007fff5cb5b000 	/usr/lib/libheimdal-asn1.dylib
0x00007fff3a324000 	/System/Library/Frameworks/OpenDirectory.framework/Versions/A/OpenDirectory
0x00007fff449ed000 	/System/Library/PrivateFrameworks/CommonAuth.framework/Versions/A/CommonAuth
0x00007fff3a307000 	/System/Library/Frameworks/OpenDirectory.framework/Versions/A/Frameworks/CFOpenDirectory.framework/Versions/A/CFOpenDirectory
0x00007fff3d489000 	/System/Library/Frameworks/SecurityFoundation.framework/Versions/A/SecurityFoundation
0x00007fff40be2000 	/System/Library/PrivateFrameworks/APFS.framework/Versions/A/APFS
0x00007fff5e5cf000 	/usr/lib/libutil.dylib
0x00007fff5c031000 	/usr/lib/libcharset.1.dylib
0x00007fff423ca000 	/System/Library/PrivateFrameworks/AppleSauce.framework/Versions/A/AppleSauce
0x00007fff42558000 	/System/Library/PrivateFrameworks/AssertionServices.framework/Versions/A/AssertionServices
0x00007fff42dcb000 	/System/Library/PrivateFrameworks/BaseBoard.framework/Versions/A/BaseBoard
0x00007fff5cf60000 	/usr/lib/libmecab.1.0.0.dylib
0x00007fff5cb55000 	/usr/lib/libgermantok.dylib
0x00007fff5bdf4000 	/usr/lib/libThaiTokenizer.dylib
0x00007fff5b91b000 	/usr/lib/libChineseTokenizer.dylib
0x00007fff4fd60000 	/System/Library/PrivateFrameworks/LanguageModeling.framework/Versions/A/LanguageModeling
0x00007fff45708000 	/System/Library/PrivateFrameworks/CoreEmoji.framework/Versions/A/CoreEmoji
0x00007fff4fe58000 	/System/Library/PrivateFrameworks/Lexicon.framework/Versions/A/Lexicon
0x00007fff4fea0000 	/System/Library/PrivateFrameworks/LinguisticData.framework/Versions/A/LinguisticData
0x00007fff5c032000 	/usr/lib/libcmph.dylib
0x00007fff3d54a000 	/System/Library/Frameworks/ServiceManagement.framework/Versions/A/ServiceManagement
0x00007fff42d1e000 	/System/Library/PrivateFrameworks/BackgroundTaskManagement.framework/Versions/A/BackgroundTaskManagement
0x00007fff5e6c9000 	/usr/lib/libxslt.1.dylib
0x00007fff30cb6000 	/System/Library/Frameworks/Carbon.framework/Versions/A/Frameworks/Ink.framework/Versions/A/Ink
0x00007fff598b6000 	/System/Library/PrivateFrameworks/TextureIO.framework/Versions/A/TextureIO
0x00007fff5be49000 	/usr/lib/libate.dylib
0x00007fff46a3c000 	/System/Library/PrivateFrameworks/CrashReporterSupport.framework/Versions/A/CrashReporterSupport
0x00007fff568e2000 	/System/Library/PrivateFrameworks/Sharing.framework/Versions/A/Sharing
0x00007fff428aa000 	/System/Library/PrivateFrameworks/AuthKit.framework/Versions/A/AuthKit
0x00007fff41cce000 	/System/Library/PrivateFrameworks/Apple80211.framework/Versions/A/Apple80211
0x00007fff467fc000 	/System/Library/PrivateFrameworks/CoreUtils.framework/Versions/A/CoreUtils
0x00007fff3357f000 	/System/Library/Frameworks/CoreWLAN.framework/Versions/A/CoreWLAN
0x00007fff33fe9000 	/System/Library/Frameworks/IOBluetooth.framework/Versions/A/IOBluetooth
0x00007fff54c0f000 	/System/Library/PrivateFrameworks/ProtocolBuffer.framework/Versions/A/ProtocolBuffer
0x00007fff50e68000 	/System/Library/PrivateFrameworks/MobileKeyBag.framework/Versions/A/MobileKeyBag
0x00007fff4601f000 	/System/Library/PrivateFrameworks/CorePhoneNumbers.framework/Versions/A/CorePhoneNumbers
0x00007fff420e3000 	/System/Library/PrivateFrameworks/AppleIDAuthSupport.framework/Versions/A/AppleIDAuthSupport
0x00007fff4fd32000 	/System/Library/PrivateFrameworks/KeychainCircle.framework/Versions/A/KeychainCircle
0x00007fff54ddc000 	/System/Library/PrivateFrameworks/ROCKit.framework/Versions/A/ROCKit
0x00007fff469d8000 	/System/Library/PrivateFrameworks/CoreWiFi.framework/Versions/A/CoreWiFi
0x00007fff31223000 	/System/Library/Frameworks/CoreBluetooth.framework/Versions/A/CoreBluetooth
0x00007fff46c2c000 	/System/Library/PrivateFrameworks/DebugSymbols.framework/Versions/A/DebugSymbols
0x00007fff465b1000 	/System/Library/PrivateFrameworks/CoreSymbolication.framework/Versions/A/CoreSymbolication
0x00007fff590a1000 	/System/Library/PrivateFrameworks/Symbolication.framework/Versions/A/Symbolication
0x00007fff58234000 	/System/Library/PrivateFrameworks/SpeechRecognitionCore.framework/Versions/A/SpeechRecognitionCore
0x000000010a600000 	/Library/Java/JavaVirtualMachines/jdk-12.0.1.jdk/Contents/Home/lib/server/libjvm.dylib
0x00000001092f3000 	/Library/Java/JavaVirtualMachines/jdk-12.0.1.jdk/Contents/Home/lib/libverify.dylib
0x00000001092ff000 	/Library/Java/JavaVirtualMachines/jdk-12.0.1.jdk/Contents/Home/lib/libjava.dylib
0x000000010936e000 	/Library/Java/JavaVirtualMachines/jdk-12.0.1.jdk/Contents/Home/lib/libzip.dylib
0x0000000109376000 	/Library/Java/JavaVirtualMachines/jdk-12.0.1.jdk/Contents/Home/lib/libjimage.dylib
0x0000000109dda000 	/Library/Java/JavaVirtualMachines/jdk-12.0.1.jdk/Contents/Home/lib/libnio.dylib
0x0000000109de8000 	/Library/Java/JavaVirtualMachines/jdk-12.0.1.jdk/Contents/Home/lib/./libnet.dylib


VM Arguments:
jvm_args: -Dfile.encoding=UTF-8 
java_command: org.apache.kafka.common.protocol.ApiKeys$1
java_class_path (initial): /Users/benrazynadir/eclipse-workspace1/kafka-test/target/classes:/Users/benrazynadir/.m2/repository/org/apache/kafka/kafka-clients/2.6.0/kafka-clients-2.6.0.jar:/Users/benrazynadir/.m2/repository/com/github/luben/zstd-jni/1.4.4-7/zstd-jni-1.4.4-7.jar:/Users/benrazynadir/.m2/repository/org/lz4/lz4-java/1.7.1/lz4-java-1.7.1.jar:/Users/benrazynadir/.m2/repository/org/xerial/snappy/snappy-java/1.1.7.3/snappy-java-1.1.7.3.jar:/Users/benrazynadir/.m2/repository/org/slf4j/slf4j-api/1.7.30/slf4j-api-1.7.30.jar:/Users/benrazynadir/.m2/repository/org/apache/kafka/kafka_2.13/2.6.0/kafka_2.13-2.6.0.jar:/Users/benrazynadir/.m2/repository/com/fasterxml/jackson/core/jackson-databind/2.10.2/jackson-databind-2.10.2.jar:/Users/benrazynadir/.m2/repository/com/fasterxml/jackson/core/jackson-annotations/2.10.2/jackson-annotations-2.10.2.jar:/Users/benrazynadir/.m2/repository/com/fasterxml/jackson/core/jackson-core/2.10.2/jackson-core-2.10.2.jar:/Users/benrazynadir/.m2/repository/com/fasterxml/jackson/module/jackson-module-scala_2.13/2.10.2/jackson-module-scala_2.13-2.10.2.jar:/Users/benrazynadir/.m2/repository/com/fasterxml/jackson/module/jackson-module-paranamer/2.10.2/jackson-module-paranamer-2.10.2.jar:/Users/benrazynadir/.m2/repository/com/thoughtworks/paranamer/paranamer/2.8/paranamer-2.8.jar:/Users/benrazynadir/.m2/repository/com/fasterxml/jackson/dataformat/jackson-dataformat-csv/2.10.2/jackson-dataformat-csv-2.10.2.jar:/Users/benrazynadir/.m2/repository/com/fasterxml/jackson/datatype/jackson-datatype-jdk8/2.10.2/jackson-datatype-jdk8-2.10.2.jar:/Users/benrazynadir/.m2/repository/net/sf/jopt-simple/jopt-simple/5.0.4/jopt-simple-5.0.4.jar:/Users/benrazynadir/.m2/repository/com/yammer/metrics/metrics-core/2.2.0/metrics-core-2.2.0.jar:/Users/benrazynadir/.m2/repository/org/scala-lang/modules/scala-collection-compat_2.13/2.1.6/scala-collection-compat_2.13-2.1.6.jar:/Users/benrazynadir/.m2/repository/org/scala-lang/modules/scala-java8-compat_2.13/0.9.1/sca
Launcher Type: SUN_STANDARD

[Global flags]
     intx CICompilerCount                          = 3                                         {product} {ergonomic}
     uint ConcGCThreads                            = 1                                         {product} {ergonomic}
     uint G1ConcRefinementThreads                  = 4                                         {product} {ergonomic}
   size_t G1HeapRegionSize                         = 1048576                                   {product} {ergonomic}
    uintx GCDrainStackTargetSize                   = 64                                        {product} {ergonomic}
   size_t InitialHeapSize                          = 134217728                                 {product} {ergonomic}
   size_t MarkStackSize                            = 4194304                                   {product} {ergonomic}
   size_t MaxHeapSize                              = 2147483648                                {product} {ergonomic}
   size_t MaxNewSize                               = 1287651328                                {product} {ergonomic}
   size_t MinHeapDeltaBytes                        = 1048576                                   {product} {ergonomic}
    uintx NonNMethodCodeHeapSize                   = 5830732                                {pd product} {ergonomic}
    uintx NonProfiledCodeHeapSize                  = 122913754                              {pd product} {ergonomic}
    uintx ProfiledCodeHeapSize                     = 122913754                              {pd product} {ergonomic}
    uintx ReservedCodeCacheSize                    = 251658240                              {pd product} {ergonomic}
     bool SegmentedCodeCache                       = true                                      {product} {ergonomic}
     bool UseCompressedClassPointers               = true                                 {lp64_product} {ergonomic}
     bool UseCompressedOops                        = true                                 {lp64_product} {ergonomic}
     bool UseG1GC                                  = true                                      {product} {ergonomic}

Logging:
Log output configuration:
 #0: stdout all=warning uptime,level,tags
 #1: stderr all=off uptime,level,tags

Environment Variables:
PATH=/usr/bin:/bin:/usr/sbin:/sbin
SHELL=/bin/bash

Signal Handlers:
SIGSEGV: [libjvm.dylib+0x736202], sa_mask[0]=11111111011111110111111111111111, sa_flags=SA_ONSTACK|SA_RESTART|SA_SIGINFO
SIGBUS: [libjvm.dylib+0x736202], sa_mask[0]=11111111011111110111111111111111, sa_flags=SA_RESTART|SA_SIGINFO
SIGFPE: [libjvm.dylib+0x736202], sa_mask[0]=11111111011111110111111111111111, sa_flags=SA_RESTART|SA_SIGINFO
SIGPIPE: [libjvm.dylib+0x5ddc76], sa_mask[0]=11111111011111110111111111111111, sa_flags=SA_RESTART|SA_SIGINFO
SIGXFSZ: [libjvm.dylib+0x5ddc76], sa_mask[0]=11111111011111110111111111111111, sa_flags=SA_RESTART|SA_SIGINFO
SIGILL: [libjvm.dylib+0x736202], sa_mask[0]=11111111011111110111111111111111, sa_flags=SA_RESTART|SA_SIGINFO
SIGUSR2: [libjvm.dylib+0x5de25b], sa_mask[0]=00100000000000000000000000000000, sa_flags=SA_RESTART|SA_SIGINFO
SIGHUP: [libjvm.dylib+0x5dcf1b], sa_mask[0]=11111111011111110111111111111111, sa_flags=SA_RESTART|SA_SIGINFO
SIGINT: [libjvm.dylib+0x5dcf1b], sa_mask[0]=11111111011111110111111111111111, sa_flags=SA_RESTART|SA_SIGINFO
SIGTERM: [libjvm.dylib+0x5dcf1b], sa_mask[0]=11111111011111110111111111111111, sa_flags=SA_RESTART|SA_SIGINFO
SIGQUIT: [libjvm.dylib+0x5dcf1b], sa_mask[0]=11111111011111110111111111111111, sa_flags=SA_RESTART|SA_SIGINFO


---------------  S Y S T E M  ---------------

OS:uname:Darwin 18.2.0 Darwin Kernel Version 18.2.0: Fri Oct  5 19:41:49 PDT 2018; root:xnu-4903.221.2~2/RELEASE_X86_64 x86_64
rlimit: STACK 8192k, CORE 0k, NPROC 709, NOFILE 10240, AS infinity, DATA infinity, FSIZE infinity
load average:1.68 2.20 2.47

CPU:total 4 (initial active 4) (2 cores per cpu, 2 threads per core) family 6 model 142 stepping 9, cmov, cx8, fxsr, mmx, sse, sse2, sse3, ssse3, sse4.1, sse4.2, popcnt, avx, avx2, aes, clmul, erms, rtm, 3dnowpref, lzcnt, ht, tsc, tscinvbit, bmi1, bmi2, adx, fma

Memory: 4k page, physical 8388608k(172712k free)

vm_info: Java HotSpot(TM) 64-Bit Server VM (12.0.1+12) for bsd-amd64 JRE (12.0.1+12), built on Apr  2 2019 08:17:12 by "mach5one" with gcc 4.2.1 Compatible Apple LLVM 9.1.0 (clang-902.0.39.2)

END.
